<?xml version="1.0" encoding="UTF-8"?>
<!-- Generated by org.testng.reporters.JUnitReportReporter -->
<testsuite hostname="ARAVIND" failures="0" tests="1" name="cucumberOptions.TestNGRunner" time="0.200" errors="1" timestamp="2025-07-20T16:00:11 IST" skipped="0">
  <testcase classname="cucumberOptions.TestNGRunner" name="runScenario" time="0.200">
    <error message="The step &#039;user is on GreenKart Landing Page&#039; and 2 other step(s) are undefined.
You can implement these steps using the snippet(s) below:

@Given(&quot;user is on GreenKart Landing Page&quot;)
public void user_is_on_green_kart_landing_page() {
    // Write code here that turns the phrase above into concrete actions
    throw new io.cucumber.java.PendingException();
}
@When(&quot;user searched with shortname {string} and extracted actual name of product&quot;)
public void user_searched_with_shortname_and_extracted_actual_name_of_product(String string) {
    // Write code here that turns the phrase above into concrete actions
    throw new io.cucumber.java.PendingException();
}
@Then(&quot;user searched for same shortname in offers page to check if product exist&quot;)
public void user_searched_for_same_shortname_in_offers_page_to_check_if_product_exist() {
    // Write code here that turns the phrase above into concrete actions
    throw new io.cucumber.java.PendingException();
}
" type="io.cucumber.testng.UndefinedStepException">
      <![CDATA[io.cucumber.testng.UndefinedStepException: The step 'user is on GreenKart Landing Page' and 2 other step(s) are undefined.
You can implement these steps using the snippet(s) below:

@Given("user is on GreenKart Landing Page")
public void user_is_on_green_kart_landing_page() {
    // Write code here that turns the phrase above into concrete actions
    throw new io.cucumber.java.PendingException();
}
@When("user searched with shortname {string} and extracted actual name of product")
public void user_searched_with_shortname_and_extracted_actual_name_of_product(String string) {
    // Write code here that turns the phrase above into concrete actions
    throw new io.cucumber.java.PendingException();
}
@Then("user searched for same shortname in offers page to check if product exist")
public void user_searched_for_same_shortname_in_offers_page_to_check_if_product_exist() {
    // Write code here that turns the phrase above into concrete actions
    throw new io.cucumber.java.PendingException();
}

at ✽.user is on GreenKart Landing Page(file:///C:/CucumberCourse/Codings/Section8/CucumberSeleniumFramework/src/test/java/features/searchProduct.feature:5)
]]>
    </error>
  </testcase> <!-- runScenario -->
</testsuite> <!-- cucumberOptions.TestNGRunner -->
