<?xml version="1.0" encoding="UTF-8"?>
<testng-results ignored="0" total="1" passed="0" failed="1" skipped="0">
  <reporter-output>
  </reporter-output>
  <suite started-at="2025-07-20T16:00:10 IST" name="Default suite" finished-at="2025-07-20T16:00:11 IST" duration-ms="698">
    <groups>
      <group name="cucumber">
        <method signature="AbstractTestNGCucumberTests.runScenario(io.cucumber.testng.PickleWrapper,io.cucumber.testng.FeatureWrapper)[pri:0, instance:cucumberOptions.TestNGRunner@2925bf5b]" name="runScenario" class="io.cucumber.testng.AbstractTestNGCucumberTests"/>
      </group> <!-- cucumber -->
    </groups>
    <test started-at="2025-07-20T16:00:10 IST" name="Default test" finished-at="2025-07-20T16:00:11 IST" duration-ms="698">
      <class name="cucumberOptions.TestNGRunner">
        <test-method is-config="true" signature="setUpClass(org.testng.ITestContext)[pri:0, instance:cucumberOptions.TestNGRunner@2925bf5b]" started-at="2025-07-20T16:00:10 IST" name="setUpClass" finished-at="2025-07-20T16:00:10 IST" duration-ms="394" status="PASS">
          <params>
            <param index="0">
              <value>
                <![CDATA[org.testng.TestRunner@22d7b4f8]]>
              </value>
            </param>
          </params>
          <reporter-output>
          </reporter-output>
        </test-method> <!-- setUpClass -->
        <test-method signature="runScenario(io.cucumber.testng.PickleWrapper,io.cucumber.testng.FeatureWrapper)[pri:0, instance:cucumberOptions.TestNGRunner@2925bf5b]" started-at="2025-07-20T16:00:10 IST" name="runScenario" description="Runs Cucumber Scenarios" data-provider="scenarios" finished-at="2025-07-20T16:00:11 IST" duration-ms="200" status="FAIL">
          <params>
            <param index="0">
              <value>
                <![CDATA["Search Experience for product search in both home and offers page"]]>
              </value>
            </param>
            <param index="1">
              <value>
                <![CDATA["Search and Place the order for Products"]]>
              </value>
            </param>
          </params>
          <exception class="io.cucumber.testng.UndefinedStepException">
            <message>
              <![CDATA[The step 'user is on GreenKart Landing Page' and 2 other step(s) are undefined.
You can implement these steps using the snippet(s) below:

@Given("user is on GreenKart Landing Page")
public void user_is_on_green_kart_landing_page() {
    // Write code here that turns the phrase above into concrete actions
    throw new io.cucumber.java.PendingException();
}
@When("user searched with shortname {string} and extracted actual name of product")
public void user_searched_with_shortname_and_extracted_actual_name_of_product(String string) {
    // Write code here that turns the phrase above into concrete actions
    throw new io.cucumber.java.PendingException();
}
@Then("user searched for same shortname in offers page to check if product exist")
public void user_searched_for_same_shortname_in_offers_page_to_check_if_product_exist() {
    // Write code here that turns the phrase above into concrete actions
    throw new io.cucumber.java.PendingException();
}
]]>
            </message>
            <full-stacktrace>
              <![CDATA[io.cucumber.testng.UndefinedStepException: The step 'user is on GreenKart Landing Page' and 2 other step(s) are undefined.
You can implement these steps using the snippet(s) below:

@Given("user is on GreenKart Landing Page")
public void user_is_on_green_kart_landing_page() {
    // Write code here that turns the phrase above into concrete actions
    throw new io.cucumber.java.PendingException();
}
@When("user searched with shortname {string} and extracted actual name of product")
public void user_searched_with_shortname_and_extracted_actual_name_of_product(String string) {
    // Write code here that turns the phrase above into concrete actions
    throw new io.cucumber.java.PendingException();
}
@Then("user searched for same shortname in offers page to check if product exist")
public void user_searched_for_same_shortname_in_offers_page_to_check_if_product_exist() {
    // Write code here that turns the phrase above into concrete actions
    throw new io.cucumber.java.PendingException();
}

at ✽.user is on GreenKart Landing Page(file:///C:/CucumberCourse/Codings/Section8/CucumberSeleniumFramework/src/test/java/features/searchProduct.feature:5)
]]>
            </full-stacktrace>
          </exception> <!-- io.cucumber.testng.UndefinedStepException -->
          <reporter-output>
          </reporter-output>
        </test-method> <!-- runScenario -->
        <test-method is-config="true" signature="tearDownClass()[pri:0, instance:cucumberOptions.TestNGRunner@2925bf5b]" started-at="2025-07-20T16:00:11 IST" name="tearDownClass" finished-at="2025-07-20T16:00:11 IST" duration-ms="8" status="PASS">
          <reporter-output>
          </reporter-output>
        </test-method> <!-- tearDownClass -->
      </class> <!-- cucumberOptions.TestNGRunner -->
    </test> <!-- Default test -->
  </suite> <!-- Default suite -->
</testng-results>
